
 **************************************************
 Thank you for using the Noel-Onuchic-Whitford 
 Structure-Based Model (SMOG) software, Version 1.2.2          

 Primary references:

 All-Atom Models
 Whitford et al. Proteins. 75, 430-441, 2009.

 C-alpha Protein Model
 Clementi et al. J Mol Biol. 298, 937-953, 2000.

 SMOG Webtool
 Noel et al. Nuc Acid Res. 38, W657-W661, 2010.
 **************************************************

 System will not be shifted.
 All-Atom  graining will be used
 checked pdb file.  All-atoms were recognized.
 PDB file read in
 NOTE: This webtool only uses coordinate precision to 10^-2 A
 starting bond calculations
 bonds done  1.00000203E-03 seconds elapsed
 starting bond angle calculations
 bond  angles done  9.99994576E-04 seconds elapsed
 starting dihedral calculations
 dihedrals done  1.39970034E-02 seconds elapsed
 starting contact calculations
 A cut-off distance will be used for calculating contacts
   4.0000000000000000       for proteins
   4.0000000000000000       for DNA
   4.0000000000000000      for DNA-Protein
 The XYZ dimensions of the grid used 
 for contact calculations are
   44.555999755859375        32.179000854492188        24.937000274658203     
 contacts done  0.44693196     seconds elapsed
 starting non-contact calculations
 non-contacts will be given a repulsive distance of
   2.5000000000000000      Angstroms
 non-contacts will be given a repulsive epsilon of
  1.00000000000000002E-002
 repulsive done
 non-contacts done   0.0000000     seconds elapsed
 writing parameters to file...
 WARNING: bond number          79 is missing an atom
 attempting to connect atoms (gro numbering)          76           0

 WARNING: bond number         282 is missing an atom
 attempting to connect atoms (gro numbering)         273           0

 WARNING: bond number         283 is missing an atom
 attempting to connect atoms (gro numbering)         274           0

 WARNING: bond angle number         107 is missing an atom
 attempting to connect atoms (gro numbering)          74          76           0

 WARNING: bond angle number         108 is missing an atom
 attempting to connect atoms (gro numbering)          75          76           0

 WARNING: bond angle number         384 is missing an atom
 attempting to connect atoms (gro numbering)         272         274           0

 WARNING: bond angle number         385 is missing an atom
 attempting to connect atoms (gro numbering)         274           0         273

 WARNING: bond angle number         386 is missing an atom
 attempting to connect atoms (gro numbering)           0         273         271

 WARNING: Bond angle is under 100 degrees.
 Your structure may be strange. 
 Offending bond between atoms
         524         525         526

 WARNING: dihedral number         149 is missing an atom
 attempting to connect atoms(gro numbering)          72          74          76           0

 WARNING: dihedral number         150 is missing an atom
 attempting to connect atoms(gro numbering)          73          75          76           0

 WARNING: dihedral number         529 is missing an atom
 attempting to connect atoms(gro numbering)         269         272         274           0

 WARNING: dihedral number         530 is missing an atom
 attempting to connect atoms(gro numbering)         272         274           0         273

 WARNING: dihedral number         531 is missing an atom
 attempting to connect atoms(gro numbering)         274           0         273         271

 WARNING: dihedral number         532 is missing an atom
 attempting to connect atoms(gro numbering)           0         273         271         269

 WARNING: dihedral number         541 is missing an atom
 attempting to connect atoms(gro numbering)         270         271         273           0

 SUCCESS : GRO and TOP files have been written.

Starting calculation of the shadow map.
SHADOW Settings...
Maximum contact distance: 6.0
Shadowing radius: 1.0
Minimum sequence difference for protein-protein contacts: 3
Minimum sequence difference for NA-NA contacts: 0
Done with Shadow settings.


Shadow Contact Map Java Application (SCM)
Created by Jeff Noel at CTBP-UCSD
Version 1.31

Reading grofile: titin.14879.pdb.gro.
1 686
Found 686 atoms.
Reading Chains from titin.14879.pdb.ndx.
1 686
Found 1 chains.
Reading Topology.
Found 404 pairs.
Initializing connected list.
Found 32 atom types.
Found 404 pairs.
Found 698 bonds.
Found 943 angles.
Found 2123 dihedrals.
Calculating contacts.
Printing reindexed PDB to file: titin.14879.pdb.meta.pdb.
Each chain will start with residue 1 and atom 1.
Printing contacts to file: titin.14879.pdb.contacts.
Reindexing to correspond with the reindexed PDB.
******* Parameters Used *********
Atom shadowing size: 1.0
Cutoff radius: 6.0
Sequence distance between protein contacts: 3
Sequence distance between RNA/DNA contacts: 0
Shadowing size of bonded atom: 0.5
*********************************
Total time: 0.921 seconds.
*****************************************************************
This software is part of SMOG.  http://smog-server.org
Direct questions to: info@smog-server.org
Work utilizing SMOG should cite:

Noel JK, Whitford PC, Sanbonmatsu KY & Onuchic JN (2010)
SMOG@ctbp: simplified deployment of structure-based models in GROMACS.
Nucleic Acids Research, 38, W657?61. DOI: 10.1093/nar/gkq498

Work using the Shadow contact map should cite:

Noel, JK, Whitford PC & Onuchic JN (2012)
The shadow map: a general contact definition for capturing the 
dynamics of biomolecular folding and function. 
Journal of Physical Chemistry B 116, 8692?8702.
*****************************************************************
Finished. 




Done with calculation of the shadow map. The following messages will correspond to your simulation settings.


 **************************************************
 Thank you for using the Noel-Onuchic-Whitford 
 Structure-Based Model (SMOG) software, Version 1.2.2          

 Primary references:

 All-Atom Models
 Whitford et al. Proteins. 75, 430-441, 2009.

 C-alpha Protein Model
 Clementi et al. J Mol Biol. 298, 937-953, 2000.

 SMOG Webtool
 Noel et al. Nuc Acid Res. 38, W657-W661, 2010.
 **************************************************

 System will be given a buffer of (in A): 
   10.000000000000000        10.000000000000000        10.000000000000000     
 All-Atom  graining will be used
 checked pdb file.  All-atoms were recognized.
 PDB file read in
 NOTE: This webtool only uses coordinate precision to 10^-2 A
 starting bond calculations
 bonds done  1.00000203E-03 seconds elapsed
 starting bond angle calculations
 bond  angles done  9.99994576E-04 seconds elapsed
 starting dihedral calculations
 dihedrals done  1.39980018E-02 seconds elapsed
 starting contact calculations
 contacts done  7.99800456E-03 seconds elapsed
 starting non-contact calculations
 non-contacts will be given a repulsive distance of
   2.5000000000000000      Angstroms
 non-contacts will be given a repulsive epsilon of
  1.00000000000000002E-002
 repulsive done
 non-contacts done   0.0000000     seconds elapsed
 writing parameters to file...
 WARNING: bond number          79 is missing an atom
 attempting to connect atoms (gro numbering)          76           0

 WARNING: bond number         282 is missing an atom
 attempting to connect atoms (gro numbering)         273           0

 WARNING: bond number         283 is missing an atom
 attempting to connect atoms (gro numbering)         274           0

 WARNING: bond angle number         107 is missing an atom
 attempting to connect atoms (gro numbering)          74          76           0

 WARNING: bond angle number         108 is missing an atom
 attempting to connect atoms (gro numbering)          75          76           0

 WARNING: bond angle number         384 is missing an atom
 attempting to connect atoms (gro numbering)         272         274           0

 WARNING: bond angle number         385 is missing an atom
 attempting to connect atoms (gro numbering)         274           0         273

 WARNING: bond angle number         386 is missing an atom
 attempting to connect atoms (gro numbering)           0         273         271

 WARNING: Bond angle is under 100 degrees.
 Your structure may be strange. 
 Offending bond between atoms
         524         525         526

 WARNING: dihedral number         149 is missing an atom
 attempting to connect atoms(gro numbering)          72          74          76           0

 WARNING: dihedral number         150 is missing an atom
 attempting to connect atoms(gro numbering)          73          75          76           0

 WARNING: dihedral number         529 is missing an atom
 attempting to connect atoms(gro numbering)         269         272         274           0

 WARNING: dihedral number         530 is missing an atom
 attempting to connect atoms(gro numbering)         272         274           0         273

 WARNING: dihedral number         531 is missing an atom
 attempting to connect atoms(gro numbering)         274           0         273         271

 WARNING: dihedral number         532 is missing an atom
 attempting to connect atoms(gro numbering)           0         273         271         269

 WARNING: dihedral number         541 is missing an atom
 attempting to connect atoms(gro numbering)         270         271         273           0

 SUCCESS : GRO and TOP files have been written.
